[    0.000000] Initializing cgroup subsys cpuset
[    0.000000] Initializing cgroup subsys cpu
[    0.000000] Initializing cgroup subsys cpuacct
[    0.000000] Linux version 4.4.0-83-generic (buildd@lgw01-29) (gcc version 5.4.0 20160609 (Ubuntu 5.4.0-6ubuntu1~16.04.4) ) #106-Ubuntu SMP Mon Jun 26 17:54:43 UTC 2017 (Ubuntu 4.4.0-83.106-generic 4.4.70)
[    0.000000] Command line: BOOT_IMAGE=/boot/vmlinuz-4.4.0-83-generic root=LABEL=cloudimg-rootfs ro console=tty1 console=ttyS0
[    0.000000] KERNEL supported cpus:
[    0.000000]   Intel GenuineIntel
[    0.000000]   AMD AuthenticAMD
[    0.000000]   Centaur CentaurHauls
[    0.000000] x86/fpu: xstate_offset[2]:  576, xstate_sizes[2]:  256
[    0.000000] x86/fpu: Supporting XSAVE feature 0x01: 'x87 floating point registers'
[    0.000000] x86/fpu: Supporting XSAVE feature 0x02: 'SSE registers'
[    0.000000] x86/fpu: Supporting XSAVE feature 0x04: 'AVX registers'
[    0.000000] x86/fpu: Enabled xstate features 0x7, context size is 832 bytes, using 'standard' format.
[    0.000000] x86/fpu: Using 'lazy' FPU context switches.
[    0.000000] e820: BIOS-provided physical RAM map:
[    0.000000] BIOS-e820: [mem 0x0000000000000000-0x000000000009fbff] usable
[    0.000000] BIOS-e820: [mem 0x000000000009fc00-0x000000000009ffff] reserved
[    0.000000] BIOS-e820: [mem 0x00000000000f0000-0x00000000000fffff] reserved
[    0.000000] BIOS-e820: [mem 0x0000000000100000-0x000000001ffeffff] usable
[    0.000000] BIOS-e820: [mem 0x000000001fff0000-0x000000001fffffff] ACPI data
[    0.000000] BIOS-e820: [mem 0x00000000fec00000-0x00000000fec00fff] reserved
[    0.000000] BIOS-e820: [mem 0x00000000fee00000-0x00000000fee00fff] reserved
[    0.000000] BIOS-e820: [mem 0x00000000fffc0000-0x00000000ffffffff] reserved
[    0.000000] NX (Execute Disable) protection: active
[    0.000000] SMBIOS 2.5 present.
[    0.000000] Hypervisor detected: KVM
[    0.000000] e820: last_pfn = 0x1fff0 max_arch_pfn = 0x400000000
[    0.000000] MTRR: Disabled
[    0.000000] x86/PAT: MTRRs disabled, skipping PAT initialization too.
[    0.000000] x86/PAT: Configuration [0-7]: WB  WT  UC- UC  WB  WT  UC- UC  
[    0.000000] CPU MTRRs all blank - virtualized system.
[    0.000000] found SMP MP-table at [mem 0x0009fff0-0x0009ffff] mapped at [ffff88000009fff0]
[    0.000000] Scanning 1 areas for low memory corruption
[    0.000000] RAMDISK: [mem 0x1ed0b000-0x1f7a1fff]
[    0.000000] ACPI: Early table checksum verification disabled
[    0.000000] ACPI: RSDP 0x00000000000E0000 000024 (v02 VBOX  )
[    0.000000] ACPI: XSDT 0x000000001FFF0030 00003C (v01 VBOX   VBOXXSDT 00000001 ASL  00000061)
[    0.000000] ACPI: FACP 0x000000001FFF00F0 0000F4 (v04 VBOX   VBOXFACP 00000001 ASL  00000061)
[    0.000000] ACPI: DSDT 0x000000001FFF0470 0021C8 (v02 VBOX   VBOXBIOS 00000002 INTL 20100528)
[    0.000000] ACPI: FACS 0x000000001FFF0200 000040
[    0.000000] ACPI: FACS 0x000000001FFF0200 000040
[    0.000000] ACPI: APIC 0x000000001FFF0240 00005C (v02 VBOX   VBOXAPIC 00000001 ASL  00000061)
[    0.000000] ACPI: SSDT 0x000000001FFF02A0 0001CC (v01 VBOX   VBOXCPUT 00000002 INTL 20100528)
[    0.000000] No NUMA configuration found
[    0.000000] Faking a node at [mem 0x0000000000000000-0x000000001ffeffff]
[    0.000000] NODE_DATA(0) allocated [mem 0x1ffeb000-0x1ffeffff]
[    0.000000] kvm-clock: Using msrs 4b564d01 and 4b564d00
[    0.000000] kvm-clock: cpu 0, msr 0:1ffe3001, primary cpu clock
[    0.000000] kvm-clock: using sched offset of 2975430737 cycles
[    0.000000] clocksource: kvm-clock: mask: 0xffffffffffffffff max_cycles: 0x1cd42e4dffb, max_idle_ns: 881590591483 ns
[    0.000000] Zone ranges:
[    0.000000]   DMA      [mem 0x0000000000001000-0x0000000000ffffff]
[    0.000000]   DMA32    [mem 0x0000000001000000-0x000000001ffeffff]
[    0.000000]   Normal   empty
[    0.000000]   Device   empty
[    0.000000] Movable zone start for each node
[    0.000000] Early memory node ranges
[    0.000000]   node   0: [mem 0x0000000000001000-0x000000000009efff]
[    0.000000]   node   0: [mem 0x0000000000100000-0x000000001ffeffff]
[    0.000000] Initmem setup node 0 [mem 0x0000000000001000-0x000000001ffeffff]
[    0.000000] ACPI: PM-Timer IO Port: 0x4008
[    0.000000] IOAPIC[0]: apic_id 2, version 32, address 0xfec00000, GSI 0-23
[    0.000000] ACPI: INT_SRC_OVR (bus 0 bus_irq 0 global_irq 2 dfl dfl)
[    0.000000] ACPI: INT_SRC_OVR (bus 0 bus_irq 9 global_irq 9 high level)
[    0.000000] Using ACPI (MADT) for SMP configuration information
[    0.000000] smpboot: Allowing 2 CPUs, 0 hotplug CPUs
[    0.000000] PM: Registered nosave memory: [mem 0x00000000-0x00000fff]
[    0.000000] PM: Registered nosave memory: [mem 0x0009f000-0x0009ffff]
[    0.000000] PM: Registered nosave memory: [mem 0x000a0000-0x000effff]
[    0.000000] PM: Registered nosave memory: [mem 0x000f0000-0x000fffff]
[    0.000000] e820: [mem 0x20000000-0xfebfffff] available for PCI devices
[    0.000000] Booting paravirtualized kernel on KVM
[    0.000000] clocksource: refined-jiffies: mask: 0xffffffff max_cycles: 0xffffffff, max_idle_ns: 7645519600211568 ns
[    0.000000] setup_percpu: NR_CPUS:512 nr_cpumask_bits:512 nr_cpu_ids:2 nr_node_ids:1
[    0.000000] PERCPU: Embedded 33 pages/cpu @ffff88001fc00000 s98264 r8192 d28712 u1048576
[    0.000000] PV qspinlock hash table entries: 256 (order: 0, 4096 bytes)
[    0.000000] Built 1 zonelists in Node order, mobility grouping on.  Total pages: 128889
[    0.000000] Policy zone: DMA32
[    0.000000] Kernel command line: BOOT_IMAGE=/boot/vmlinuz-4.4.0-83-generic root=LABEL=cloudimg-rootfs ro console=tty1 console=ttyS0
[    0.000000] PID hash table entries: 2048 (order: 2, 16384 bytes)
[    0.000000] Memory: 485652K/523832K available (8469K kernel code, 1294K rwdata, 3984K rodata, 1488K init, 1316K bss, 38180K reserved, 0K cma-reserved)
[    0.000000] SLUB: HWalign=64, Order=0-3, MinObjects=0, CPUs=2, Nodes=1
[    0.000000] Hierarchical RCU implementation.
[    0.000000] 	Build-time adjustment of leaf fanout to 64.
[    0.000000] 	RCU restricting CPUs from NR_CPUS=512 to nr_cpu_ids=2.
[    0.000000] RCU: Adjusting geometry for rcu_fanout_leaf=64, nr_cpu_ids=2
[    0.000000] NR_IRQS:33024 nr_irqs:440 16
[    0.000000] Console: colour VGA+ 80x25
[    0.000000] console [tty1] enabled
[    0.000000] console [ttyS0] enabled
[    0.000000] tsc: Detected 3499.998 MHz processor
[    1.420938] Calibrating delay loop (skipped) preset value.. 6999.99 BogoMIPS (lpj=13999992)
[    1.430506] pid_max: default: 32768 minimum: 301
[    1.440701] ACPI: Core revision 20150930
[    1.459671] ACPI: 2 ACPI AML tables successfully acquired and loaded
[    1.526724] Security Framework initialized
[    1.554196] Yama: becoming mindful.
[    1.583033] AppArmor: AppArmor initialized
[    1.589314] Dentry cache hash table entries: 65536 (order: 7, 524288 bytes)
[    1.600176] Inode-cache hash table entries: 32768 (order: 6, 262144 bytes)
[    1.624019] Mount-cache hash table entries: 1024 (order: 1, 8192 bytes)
[    1.692453] Mountpoint-cache hash table entries: 1024 (order: 1, 8192 bytes)
[    1.786087] Initializing cgroup subsys io
[    1.841573] Initializing cgroup subsys memory
[    1.868824] Initializing cgroup subsys devices
[    1.912797] Initializing cgroup subsys freezer
[    1.954547] Initializing cgroup subsys net_cls
[    1.972973] Initializing cgroup subsys perf_event
[    1.973840] Initializing cgroup subsys net_prio
[    2.022004] Initializing cgroup subsys hugetlb
[    2.029445] Initializing cgroup subsys pids
[    2.043609] CPU: Physical Processor ID: 0
[    2.056689] CPU: Processor Core ID: 0
[    2.093134] mce: CPU supports 0 MCE banks
[    2.168696] Last level iTLB entries: 4KB 512, 2MB 8, 4MB 8
[    2.202535] Last level dTLB entries: 4KB 512, 2MB 0, 4MB 0, 1GB 4
[    2.293024] Freeing SMP alternatives memory: 32K (ffffffff820b9000 - ffffffff820c1000)
[    2.331216] ftrace: allocating 32129 entries in 126 pages
[    2.394003] smpboot: APIC(0) Converting physical 0 to logical package 0
[    2.417079] smpboot: Max logical packages: 1
[    2.422640] x2apic enabled
[    2.474998] Switched APIC routing to physical x2apic.
[    2.523619] ..TIMER: vector=0x30 apic1=0 pin1=2 apic2=-1 pin2=-1
[    2.706801] smpboot: CPU0: Intel(R) Xeon(R) CPU E5-1650 v2 @ 3.50GHz (family: 0x6, model: 0x3e, stepping: 0x4)
[    2.878556] Performance Events: unsupported p6 CPU model 62 no PMU driver, software events only.
[    2.880268] KVM setup paravirtual spinlock
[    2.883435] x86: Booting SMP configuration:
[    2.914450] .... node  #0, CPUs:      #1
[    2.975890] kvm-clock: cpu 1, msr 0:1ffe3041, secondary cpu clock
[    3.082921] mce: CPU supports 0 MCE banks
[    3.174059] x86: Booted up 1 node, 2 CPUs
[    3.216331] smpboot: Total of 2 processors activated (13999.99 BogoMIPS)
[    3.254711] devtmpfs: initialized
[    3.331992] evm: security.selinux
[    3.362544] evm: security.SMACK64
[    3.430590] evm: security.SMACK64EXEC
[    3.452185] evm: security.SMACK64TRANSMUTE
[    3.545362] evm: security.SMACK64MMAP
[    3.566300] evm: security.ima
[    3.616460] evm: security.capability
[    3.683239] clocksource: jiffies: mask: 0xffffffff max_cycles: 0xffffffff, max_idle_ns: 7645041785100000 ns
[    3.778181] futex hash table entries: 512 (order: 3, 32768 bytes)
[    3.882658] pinctrl core: initialized pinctrl subsystem
[    3.913800] RTC time: 23:48:15, date: 07/04/17
[    3.975575] NET: Registered protocol family 16
[    4.006779] cpuidle: using governor ladder
[    4.042651] cpuidle: using governor menu
[    4.122354] PCCT header not found.
[    4.175791] ACPI: bus type PCI registered
[    4.261296] acpiphp: ACPI Hot Plug PCI Controller Driver version: 0.5
[    4.325684] PCI: Using configuration type 1 for base access
[    4.467555] ACPI: Added _OSI(Module Device)
[    4.557877] ACPI: Added _OSI(Processor Device)
[    4.562659] ACPI: Added _OSI(3.0 _SCP Extensions)
[    4.657103] ACPI: Added _OSI(Processor Aggregator Device)
[    4.670540] ACPI: Executed 1 blocks of module-level executable AML code
[    4.735525] ACPI: Interpreter enabled
[    4.779752] ACPI: (supports S0 S5)
[    4.811515] ACPI: Using IOAPIC for interrupt routing
[    4.839800] PCI: Using host bridge windows from ACPI; if necessary, use "pci=nocrs" and report a bug
[    4.864776] ACPI: PCI Root Bridge [PCI0] (domain 0000 [bus 00-ff])
[    4.921278] acpi PNP0A03:00: _OSC: OS supports [ASPM ClockPM Segments MSI]
[    5.041331] acpi PNP0A03:00: _OSC failed (AE_NOT_FOUND); disabling ASPM
[    5.171918] acpi PNP0A03:00: fail to add MMCONFIG information, can't access extended PCI configuration space under this bridge.
[    5.367297] PCI host bridge to bus 0000:00
[    5.392626] pci_bus 0000:00: root bus resource [io  0x0000-0x0cf7 window]
[    5.534874] pci_bus 0000:00: root bus resource [io  0x0d00-0xffff window]
[    5.573565] pci_bus 0000:00: root bus resource [mem 0x000a0000-0x000bffff window]
[    5.711435] pci_bus 0000:00: root bus resource [mem 0x20000000-0xffdfffff window]
[    5.776787] pci_bus 0000:00: root bus resource [bus 00-ff]
[    5.897241] pci 0000:00:01.1: legacy IDE quirk: reg 0x10: [io  0x01f0-0x01f7]
[    5.962431] pci 0000:00:01.1: legacy IDE quirk: reg 0x14: [io  0x03f6]
[    5.993002] pci 0000:00:01.1: legacy IDE quirk: reg 0x18: [io  0x0170-0x0177]
[    6.036153] pci 0000:00:01.1: legacy IDE quirk: reg 0x1c: [io  0x0376]
[    6.070027] pci 0000:00:07.0: quirk: [io  0x4000-0x403f] claimed by PIIX4 ACPI
[    6.096629] pci 0000:00:07.0: quirk: [io  0x4100-0x410f] claimed by PIIX4 SMB
[    6.141589] ACPI: PCI Interrupt Link [LNKA] (IRQs 5 9 10 *11)
[    6.171330] ACPI: PCI Interrupt Link [LNKB] (IRQs 5 9 10 *11)
[    6.223782] ACPI: PCI Interrupt Link [LNKC] (IRQs 5 9 *10 11)
[    6.286593] ACPI: PCI Interrupt Link [LNKD] (IRQs 5 *9 10 11)
[    6.348884] ACPI: Enabled 2 GPEs in block 00 to 07
[    6.350152] vgaarb: setting as boot device: PCI:0000:00:02.0
[    6.461687] vgaarb: device added: PCI:0000:00:02.0,decodes=io+mem,owns=io+mem,locks=none
[    6.631272] vgaarb: loaded
[    6.691631] vgaarb: bridge control possible 0000:00:02.0
[    6.787408] SCSI subsystem initialized
[    6.827433] ACPI: bus type USB registered
[    6.844199] usbcore: registered new interface driver usbfs
[    6.845177] usbcore: registered new interface driver hub
[    6.846128] usbcore: registered new device driver usb
[    6.861960] PCI: Using ACPI for IRQ routing
[    6.947253] NetLabel: Initializing
[    6.982516] NetLabel:  domain hash size = 128
[    7.023243] NetLabel:  protocols = UNLABELED CIPSOv4
[    7.059343] NetLabel:  unlabeled traffic allowed by default
[    7.162681] amd_nb: Cannot enumerate AMD northbridges
[    7.228518] clocksource: Switched to clocksource kvm-clock
[    7.340709] AppArmor: AppArmor Filesystem Enabled
[    7.460486] pnp: PnP ACPI init
[    7.483011] pnp: PnP ACPI: found 3 devices
[    7.584234] clocksource: acpi_pm: mask: 0xffffff max_cycles: 0xffffff, max_idle_ns: 2085701024 ns
[    7.639475] NET: Registered protocol family 2
[    7.646087] TCP established hash table entries: 4096 (order: 3, 32768 bytes)
[    7.649898] TCP bind hash table entries: 4096 (order: 4, 65536 bytes)
[    7.770896] TCP: Hash tables configured (established 4096 bind 4096)
[    7.867124] UDP hash table entries: 256 (order: 1, 8192 bytes)
[    7.878819] UDP-Lite hash table entries: 256 (order: 1, 8192 bytes)
[    7.973251] NET: Registered protocol family 1
[    8.063936] pci 0000:00:00.0: Limiting direct PCI/PCI transfers
[    8.083802] pci 0000:00:01.0: Activating ISA DMA hang workarounds
[    8.094609] Unpacking initramfs...
[    9.501675] Freeing initrd memory: 10844K (ffff88001ed0b000 - ffff88001f7a2000)
[    9.550346] RAPL PMU detected, API unit is 2^-32 Joules, 3 fixed counters 10737418240 ms ovfl timer
[    9.627996] hw unit of domain pp0-core 2^-0 Joules
[    9.663538] hw unit of domain package 2^-0 Joules
[    9.696066] hw unit of domain dram 2^-0 Joules
[    9.744057] platform rtc_cmos: registered platform RTC device (no PNP device found)
[    9.820312] Scanning for low memory corruption every 60 seconds
[    9.958998] audit: initializing netlink subsys (disabled)
[    9.964111] audit: type=2000 audit(1499212099.614:1): initialized
[   10.061789] Initialise system trusted keyring
[   10.105957] HugeTLB registered 2 MB page size, pre-allocated 0 pages
[   10.120324] zbud: loaded
[   10.179037] VFS: Disk quotas dquot_6.6.0
[   10.252443] VFS: Dquot-cache hash table entries: 512 (order 0, 4096 bytes)
[   10.401187] squashfs: version 4.0 (2009/01/31) Phillip Lougher
[   10.560584] fuse init (API version 7.23)
[   10.582889] Key type big_key registered
[   10.645213] Allocating IMA MOK and blacklist keyrings.
[   10.662818] Key type asymmetric registered
[   10.681573] Asymmetric key parser 'x509' registered
[   10.699496] Block layer SCSI generic (bsg) driver version 0.4 loaded (major 249)
[   10.817576] tsc: Refined TSC clocksource calibration: 3498.285 MHz
[   10.910586] clocksource: tsc: mask: 0xffffffffffffffff max_cycles: 0x326cfd0ad9c, max_idle_ns: 440795276556 ns
[   10.912683] io scheduler noop registered
[   10.912685] io scheduler deadline registered (default)
[   10.912736] io scheduler cfq registered
[   10.912844] pci_hotplug: PCI Hot Plug PCI Core version: 0.5
[   10.912849] pciehp: PCI Express Hot Plug Controller Driver version: 0.4
[   10.913051] ACPI: AC Adapter [AC] (on-line)
[   10.913095] input: Power Button as /devices/LNXSYSTM:00/LNXPWRBN:00/input/input0
[   10.913098] ACPI: Power Button [PWRF]
[   10.913165] input: Sleep Button as /devices/LNXSYSTM:00/LNXSLPBN:00/input/input1
[   10.913166] ACPI: Sleep Button [SLPF]
[   10.913307] GHES: HEST is not enabled!
[   11.020611] Serial: 8250/16550 driver, 32 ports, IRQ sharing enabled
[   11.049959] 00:02: ttyS0 at I/O 0x3f8 (irq = 4, base_baud = 115200) is a 16550A
[   11.077396] Linux agpgart interface v0.103
[   11.194692] loop: module loaded
[   11.195152] scsi host0: ata_piix
[   11.195204] scsi host1: ata_piix
[   11.195229] ata1: PATA max UDMA/33 cmd 0x1f0 ctl 0x3f6 bmdma 0xd000 irq 14
[   11.195230] ata2: PATA max UDMA/33 cmd 0x170 ctl 0x376 bmdma 0xd008 irq 15
[   11.195292] libphy: Fixed MDIO Bus: probed
[   11.195294] tun: Universal TUN/TAP device driver, 1.6
[   11.195294] tun: (C) 1999-2004 Max Krasnyansky <maxk@qualcomm.com>
[   11.195561] PPP generic driver version 2.4.2
[   11.195609] ehci_hcd: USB 2.0 'Enhanced' Host Controller (EHCI) Driver
[   11.195615] ehci-pci: EHCI PCI platform driver
[   11.195628] ehci-platform: EHCI generic platform driver
[   11.195634] ohci_hcd: USB 1.1 'Open' Host Controller (OHCI) Driver
[   11.195637] ohci-pci: OHCI PCI platform driver
[   11.195644] ohci-platform: OHCI generic platform driver
[   11.195651] uhci_hcd: USB Universal Host Controller Interface driver
[   11.195699] i8042: PNP: PS/2 Controller [PNP0303:PS2K,PNP0f03:PS2M] at 0x60,0x64 irq 1,12
[   11.207353] serio: i8042 KBD port at 0x60,0x64 irq 1
[   11.207358] serio: i8042 AUX port at 0x60,0x64 irq 12
[   11.207466] mousedev: PS/2 mouse device common for all mice
[   11.207762] rtc_cmos rtc_cmos: rtc core: registered rtc_cmos as rtc0
[   11.207812] rtc_cmos rtc_cmos: alarms up to one day, 114 bytes nvram
[   11.207818] i2c /dev entries driver
[   11.207864] device-mapper: uevent: version 1.0.3
[   11.207909] device-mapper: ioctl: 4.34.0-ioctl (2015-10-28) initialised: dm-devel@redhat.com
[   11.207927] ledtrig-cpu: registered to indicate activity on CPUs
[   11.208216] NET: Registered protocol family 10
[   11.208364] NET: Registered protocol family 17
[   11.208372] Key type dns_resolver registered
[   11.272890] microcode: CPU0 sig=0x306e4, pf=0x2, revision=0x19
[   11.272957] microcode: CPU1 sig=0x306e4, pf=0x2, revision=0x19
[   11.273015] microcode: Microcode Update Driver: v2.01 <tigran@aivazian.fsnet.co.uk>, Peter Oruba
[   11.273146] registered taskstats version 1
[   11.273158] Loading compiled-in X.509 certificates
[   11.273734] Loaded X.509 cert 'Build time autogenerated kernel key: 35105354eb779045e4d9ad793dead39d5ee93f76'
[   11.273757] zswap: loaded using pool lzo/zbud
[   11.275213] Key type trusted registered
[   11.277357] Key type encrypted registered
[   11.277361] AppArmor: AppArmor sha1 policy hashing enabled
[   11.277363] ima: No TPM chip found, activating TPM-bypass!
[   11.277380] evm: HMAC attrs: 0x1
[   11.277670]   Magic number: 9:534:857
[   11.430745] rtc_cmos rtc_cmos: setting system clock to 2017-07-04 23:48:23 UTC (1499212103)
[   11.430892] BIOS EDD facility v0.16 2004-Jun-25, 0 devices found
[   11.430892] EDD information not available.
[   11.581839] input: AT Translated Set 2 keyboard as /devices/platform/i8042/serio0/input/input2
[   14.564359] Freeing unused kernel memory: 1488K (ffffffff81f45000 - ffffffff820b9000)
[   14.643651] Write protecting the kernel read-only data: 14336k
[   14.684013] Freeing unused kernel memory: 1760K (ffff880001848000 - ffff880001a00000)
[   14.814121] Freeing unused kernel memory: 112K (ffff880001de4000 - ffff880001e00000)
Loading, please wait...
starting version[   15.044875] random: systemd-udevd: uninitialized urandom read (16 bytes read, 4 bits of entropy available)
 229
[   15.045450] random: udevadm: uninitialized urandom read (16 bytes read, 4 bits of entropy available)
[   15.045485] random: udevadm: uninitialized urandom read (16 bytes read, 4 bits of entropy available)
[   15.045595] random: udevadm: uninitialized urandom read (16 bytes read, 4 bits of entropy available)
[   15.045636] random: udevadm: uninitialized urandom read (16 bytes read, 4 bits of entropy available)
[   15.045677] random: udevadm: uninitialized urandom read (16 bytes read, 4 bits of entropy available)
[   15.045717] random: udevadm: uninitialized urandom read (16 bytes read, 4 bits of entropy available)
[   15.045760] random: udevadm: uninitialized urandom read (16 bytes read, 4 bits of entropy available)
[   15.045799] random: udevadm: uninitialized urandom read (16 bytes read, 4 bits of entropy available)
[   15.045839] random: udevadm: uninitialized urandom read (16 bytes read, 4 bits of entropy available)
[   16.667745] e1000: Intel(R) PRO/1000 Network Driver - version 7.3.21-k8-NAPI
[   16.808619] e1000: Copyright (c) 1999-2006 Intel Corporation.
[   16.822796] Fusion MPT base driver 3.04.20
[   16.935252] Copyright (c) 1999-2008 LSI Corporation
[   17.012239] Fusion MPT SPI Host driver 3.04.20
[   17.030475] AVX version of gcm_enc/dec engaged.
[   17.150632] AES CTR mode by8 optimization enabled
[   17.207654] input: ImExPS/2 Generic Explorer Mouse as /devices/platform/i8042/serio1/input/input4
[   17.356583] e1000 0000:00:03.0 eth0: (PCI:33MHz:32-bit) 02:ef:c4:99:42:42
[   17.391025] e1000 0000:00:03.0 eth0: Intel(R) PRO/1000 Network Connection
[   17.486539] mptbase: ioc0: Initiating bringup
[   17.556973] ioc0: LSI53C1030 A0: Capabilities={Initiator}
[   17.742148] scsi host2: ioc0: LSI53C1030 A0, FwRev=00000000h, Ports=1, MaxQ=256, IRQ=20
[   17.873157] scsi 2:0:0:0: Direct-Access     VBOX     HARDDISK         1.0  PQ: 0 ANSI: 5
[   17.955554] scsi target2:0:0: Beginning Domain Validation
[   18.001629] scsi target2:0:0: Domain Validation skipping write tests
[   18.044579] scsi target2:0:0: Ending Domain Validation
[   18.071654] scsi target2:0:0: asynchronous
[   18.102794] scsi 2:0:1:0: Direct-Access     VBOX     HARDDISK         1.0  PQ: 0 ANSI: 5
[   18.233959] e1000 0000:00:08.0 eth1: (PCI:33MHz:32-bit) 08:00:27:8b:4e:1f
[   18.233962] e1000 0000:00:08.0 eth1: Intel(R) PRO/1000 Network Connection
[   18.353535] scsi target2:0:1: Beginning Domain Validation
[   18.471794] e1000 0000:00:08.0 enp0s8: renamed from eth1
[   18.485187] scsi target2:0:1: Domain Validation skipping write tests
[   18.673054] scsi target2:0:1: Ending Domain Validation
[   18.822754] scsi target2:0:1: asynchronous
[   18.833200] e1000 0000:00:03.0 enp0s3: renamed from eth0
[   18.860290] sd 2:0:0:0: Attached scsi generic sg0 type 0
[   19.051863] sd 2:0:0:0: [sda] 20971520 512-byte logical blocks: (10.7 GB/10.0 GiB)
[   19.193187] sd 2:0:0:0: [sda] Write Protect is off
[   19.307391] sd 2:0:1:0: Attached scsi generic sg1 type 0
[   19.307400] sd 2:0:1:0: [sdb] 20480 512-byte logical blocks: (10.5 MB/10.0 MiB)
[   19.324913] sd 2:0:0:0: [sda] Incomplete mode parameter data
[   19.324914] sd 2:0:0:0: [sda] Assuming drive cache: write through
[   19.686962] sd 2:0:1:0: [sdb] Write Protect is off
[   19.732966] sd 2:0:1:0: [sdb] Incomplete mode parameter data
[   19.760844] sd 2:0:1:0: [sdb] Assuming drive cache: write through
[   19.828547] floppy0: no floppy controllers found
[   19.828598] work still pending
[   19.829336]  sda: sda1
[   19.881673] sd 2:0:0:0: [sda] Attached SCSI disk
[   20.207383] sd 2:0:1:0: [sdb] Attached SCSI disk
Begin: Loading essential drivers[   21.560704] md: linear personality registered for level -1
 ... [   21.705033] md: multipath personality registered for level -4
[   21.765357] md: raid0 personality registered for level 0
[   21.789833] md: raid1 personality registered for level 1
[   22.064984] raid6: sse2x1   gen() 10101 MB/s
[   22.229011] raid6: sse2x1   xor()  7905 MB/s
[   22.352989] raid6: sse2x2   gen() 12575 MB/s
[   22.472702] raid6: sse2x2   xor()  8506 MB/s
[   22.568557] raid6: sse2x4   gen() 14189 MB/s
[   22.700548] raid6: sse2x4   xor() 10597 MB/s
[   22.761236] raid6: using algorithm sse2x4 gen() 14189 MB/s
[   22.782763] raid6: .... xor() 10597 MB/s, rmw enabled
[   22.843790] raid6: using ssse3x2 recovery algorithm
[   22.913663] xor: automatically using best checksumming function:
[   22.976919]    avx       : 25008.000 MB/sec
[   23.055880] async_tx: api initialized (async)
[   23.099888] md: raid6 personality registered for level 6
[   23.352365] md: raid5 personality registered for level 5
[   23.523336] md: raid4 personality registered for level 4
[   23.627605] md: raid10 personality registered for level 10
done.
Begin: Running /scripts/init-premount ... done.
Begin: Mounting root file system ... Begin: Running /scripts/local-top ... done.
Begin: Running /scripts/local-premount ... [   23.786439] Btrfs loaded
Scanning for Btrfs filesystems
done.
Warning: fsck not present, so skipping root file[   23.872063] EXT4-fs (sda1): mounted filesystem with ordered data mode. Opts: (null)
 system
done.
Begin: Running /scripts/local-bottom ... done.
Begin: Running /scripts/init-bottom ... done.
[   24.038828] systemd[1]: systemd 229 running in system mode. (+PAM +AUDIT +SELINUX +IMA +APPARMOR +SMACK +SYSVINIT +UTMP +LIBCRYPTSETUP +GCRYPT +GNUTLS +ACL +XZ -LZ4 +SECCOMP +BLKID +ELFUTILS +KMOD -IDN)
[   24.094304] systemd[1]: Detected virtualization oracle.
[   24.196809] systemd[1]: Detected architecture x86-64.

Welcome to [1mUbuntu 16.04.2 LTS[0m!

[   24.356999] systemd[1]: Set hostname to <ubuntu>.
[   24.392101] systemd[1]: Initializing machine ID from random generator.
[   24.566462] systemd[1]: Installed transient /etc/machine-id file.
[   24.659114] systemd[1]: Listening on Syslog Socket.
[[0;32m  OK  [0m] Listening on Syslog Socket.
[   24.770965] systemd[1]: Reached target Swap.
[[0;32m  OK  [0m] Reached target Swap.
[   24.804700] systemd[1]: Created slice System Slice.
[[0;32m  OK  [0m] Created slice System Slice.
[   24.882999] systemd[1]: Reached target Encrypted Volumes.
[[0;32m  OK  [0m] Reached target Encrypted Volumes.
[   24.885303] systemd[1]: Started Forward Password Requests to Wall Directory Watch.
[[0;32m  OK  [0m] Started Forward Password Requests to Wall Directory Watch.
[   24.932948] systemd[1]: Listening on LVM2 metadata daemon socket.
[[0;32m  OK  [0m] Listening on LVM2 metadata daemon socket.
[   24.956214] systemd[1]: Listening on /dev/initctl Compatibility Named Pipe.
[[0;32m  OK  [0m] Listening on /dev/initctl Compatibility Named Pipe.
[   25.101013] systemd[1]: Started Trigger resolvconf update for networkd DNS.
[[0;32m  OK  [0m] Started Trigger resolvconf update for networkd DNS.
[   25.217421] systemd[1]: Reached target User and Group Name Lookups.
[[0;32m  OK  [0m] Reached target User and Group Name Lookups.
[   25.302332] systemd[1]: Listening on udev Kernel Socket.
[[0;32m  OK  [0m] Listening on udev Kernel Socket.
[   25.312263] systemd[1]: Listening on Journal Socket.
[[0;32m  OK  [0m] Listening on Journal Socket.
[   25.336996] systemd[1]: Mounting Huge Pages File System...
         Mounting Huge Pages File System...
[   25.349654] systemd[1]: Mounting POSIX Message Queue File System...
         Mounting POSIX Message Queue File System...
[   25.405071] systemd[1]: Mounting Debug File System...
         Mounting Debug File System...
[   25.485644] systemd[1]: Starting Create list of required static device nodes for the current kernel...
         Starting Create list of required st... nodes for the current kernel...
[   25.556880] systemd[1]: Starting Load Kernel Modules...
         Starting Load Kernel Modules...
[   25.613326] systemd[1]: Starting Uncomplicated firewall...
         [   25.629663] Loading iSCSI transport class v2.0-870.
Starting Uncomplicated firewall.[   25.694817] iscsi: registered transport (tcp)
..
[   25.745601] random: nonblocking pool is initialized
[   25.800337] iscsi: registered transport (iser)
[   25.878878] systemd[1]: Starting Nameserver information manager...
         Starting Nameserver information manager...
[   25.885619] systemd[1]: Created slice User and Session Slice.
[[0;32m  OK  [0m] Created slice User and Session Slice.
[   25.893173] systemd[1]: Reached target Slices.
[[0;32m  OK  [0m] Reached target Slices.
[   25.901003] systemd[1]: Created slice system-serial\x2dgetty.slice.
[[0;32m  OK  [0m] Created slice system-serial\x2dgetty.slice.
[   26.004752] systemd[1]: Starting Remount Root and Kernel File Systems...
         Starting Remount Root and Kernel File Systems...
[   26.047044] EXT4-fs (sda1): re-mounted. Opts: (null)
[   26.136138] systemd[1]: Listening on LVM2 poll daemon socket.
[[0;32m  OK  [0m] Listening on LVM2 poll daemon socket.
[   26.164771] systemd[1]: Listening on Device-mapper event daemon FIFOs.
[[0;32m  OK  [0m] Listening on Device-mapper event daemon FIFOs.
[   26.252829] systemd[1]: Starting Monitoring of LVM2 mirrors, snapshots etc. using dmeventd or progress polling...
         Starting Monitoring of LVM2 mirrors... dmeventd or progress polling...
[   26.285565] systemd[1]: Set up automount Arbitrary Executable File Formats File System Automount Point.
[[0;32m  OK  [0m] Set up automount Arbitrary Executab...ats File System Automount Point.
[   26.438375] systemd[1]: Listening on Journal Audit Socket.
[[0;32m  OK  [0m] Listening on Journal Audit Socket.
[   26.492703] systemd[1]: Starting Set console keymap...
         Starting Set console keymap...
[   26.546300] systemd[1]: Listening on Journal Socket (/dev/log).
[[0;32m  OK  [0m] Listening on Journal Socket (/dev/log).
[   26.554640] systemd[1]: Starting Journal Service...
         Starting Journal Service...
[   26.609797] systemd[1]: Listening on udev Control Socket.
[[0;32m  OK  [0m] Listening on udev Control Socket.
[   26.638582] systemd[1]: Mounted Huge Pages File System.
[[0;32m  OK  [0m] Mounted Huge Pages File System.
[   26.654723] systemd[1]: Mounted Debug File System.
[[0;32m  OK  [0m] Mounted Debug File System.
[   26.676848] systemd[1]: Mounted POSIX Message Queue File System.
[[0;32m  OK  [0m] Mounted POSIX Message Queue File System.
[   26.822841] systemd[1]: Started Journal Service.
[[0;32m  OK  [0m] Started Journal Service.
[[0;32m  OK  [0m] Started Create list of required sta...ce nodes for the current kernel.
[[0;32m  OK  [0m] Started Load Kernel Modules.
[[0;32m  OK  [0m] Started Uncomplicated firewall.
[[0;32m  OK  [0m] Started Remount Root and Kernel File Systems.
[[0;32m  OK  [0m] Started Set console keymap.
[[0;32m  OK  [0m] Started Nameserver information manager.
[[0;32m  OK  [0m] Started LVM2 metadata daemon.
         Starting Initial cloud-init job (pre-networking)...
         Starting udev Coldplug all Devices...
         Starting Load/Save Random Seed...
         Mounting FUSE Control File System...
         Starting Apply Kernel Variables...
         Starting Create Static Device Nodes in /dev...
         Starting Flush Journal to Persistent Storage...
[[0;32m  OK  [0m] Mounted FUSE Control File System.
[[0;32m  OK  [0m] Started Load/Save Random Seed.
[[0;32m  OK  [0m] Started Apply Kernel Variables.
[[0;32m  OK  [0m] Started Create Static Device Nodes in /dev.
[[0;32m  OK  [0m] Started udev Coldplug all Devices.
[[0;32m  OK  [0m] Started Flush Journal to Persistent Storage.
         Starting udev Kernel Device Manager...
[[0;32m  OK  [0m] Started udev Kernel Device Manager.
[[0;32m  OK  [0m] Started Dispatch Password Requests to Console Directory Watch.
[[0;32m  OK  [0m] Found device /dev/ttyS0.
[[0;32m  OK  [0m] Started Monitoring of LVM2 mirrors,...ng dmeventd or progress polling.
[[0;32m  OK  [0m] Reached target Local File Systems (Pre).
[[0;32m  OK  [0m] Reached target Local File Systems.
         Starting Set console font and keymap...
         Starting Commit a transient machine-id on disk...
         Starting Create Volatile Files and Directories...
         Starting Tell Plymouth To Write Out Runtime Data...
         Starting LSB: AppArmor initialization...
[[0;32m  OK  [0m] Started Create Volatile Files and Directories.
[[0;32m  OK  [0m] Started Tell Plymouth To Write Out Runtime Data.
[[0;32m  OK  [0m] Started Commit a transient machine-id on disk.
[[0;32m  OK  [0m] Listening on Load/Save RF Kill Switch Status /dev/rfkill Watch.
[[0;32m  OK  [0m] Reached target System Time Synchronized.
[   21.313611] cloud-init[439]: Cloud-init v. 0.7.9 running 'init-local' at Tue, 04 Jul 2017 23:48:39 +0000. Up 20.96 seconds.
         Starting Update UTMP about System Boot/Shutdown...
[[0;1;31mFAILED[0m] Failed to start Set console font and keymap.
See 'systemctl status console-setup.service' for details.
[[0;32m  OK  [0m] Started LSB: AppArmor initialization.
[[0;32m  OK  [0m] Started Initial cloud-init job (pre-networking).
[[0;32m  OK  [0m] Started Update UTMP about System Boot/Shutdown.
[[0;32m  OK  [0m] Reached target Network (Pre).
         Starting Raise network interfaces...
[[0;32m  OK  [0m] Created slice system-getty.slice.
[[0;32m  OK  [0m] Started Raise network interfaces.
         Starting Initial cloud-init job (metadata service crawler)...
[[0;32m  OK  [0m] Reached target Network.
[   24.623702] cloud-init[910]: Cloud-init v. 0.7.9 running 'init' at Tue, 04 Jul 2017 23:48:42 +0000. Up 24.25 seconds.
[   24.637707] cloud-init[910]: ci-info: ++++++++++++++++++++++++++++++++++++++Net device info++++++++++++++++++++++++++++++++++++++
[   24.656976] [cloud-init[0;32m  OK  [0m[910]: ] ci-info: +--------+-------+----------------------------+---------------+-------+-------------------+Started Initial cloud-init job (metadata service crawler).

[   24.657393] cloud-init[910]: ci-info: | Device |   Up  |          Address           |      Mask     | Scope |     Hw-Address    |
[   24.713514] [cloud-init[0;32m  OK  [0m[910]: ] ci-info: +--------+-------+----------------------------+---------------+-------+-------------------+Reached target System Initialization.

[[0;32m  OK  [0m] Listening on ACPID Listen Socket.
[   24.713991] cloud-init[910]: ci-info: | enp0s8 | False |             .              |       .       |   .   | 08:00:27:8b:4e:1f |
[   24.820746]          cloud-initStarting LXD - unix socket.[910]: 
ci-info: |   lo   |  True |         127.0.0.1          |   255.0.0.0   |   .   |         .         |
[   24.823873] [cloud-init[0;32m  OK  [0m[910]: ] ci-info: |   lo   |  True |          ::1/128           |       .       |  host |         .         |Listening on UUID daemon activation socket.

[   24.840886] [cloud-init[0;32m  OK  [0m[910]: ] ci-info: | enp0s3 |  True |         10.0.2.15          | 255.255.255.0 |   .   | 02:ef:c4:99:42:42 |Started ACPI Events Check.

[[0;32m  OK  [0m] Reached target Paths.
[   24.841344] cloud-init[910]: ci-info: | enp0s3 |  True | fe80::ef:c4ff:fe99:4242/64 |       .       |  link | 02:ef:c4:99:42:42 |
[   24.878954] [cloud-init[0;32m  OK  [0m[910]: ] ci-info: +--------+-------+----------------------------+---------------+-------+-------------------+Started Daily apt activities.

         Starting Socket activation for snappy daemon.
[[0;32m  OK  [0m] Started Daily Cleanup of Temporary Directories.
[   24.879461] cloud-init[910]: ci-info: +++++++++++++++++++++++++++Route IPv4 info++++++++++++++++++++++++++++
[   24.922807] [cloud-init[0;32m  OK  [0m[910]: ] ci-info: +-------+-------------+----------+---------------+-----------+-------+Listening on D-Bus System Message Bus Socket.

[[0;32m  OK  [0m] Started Timer to automatically refresh installed snaps.
[[0;32m  OK  [0m] Reached target Timers.
[   24.923264] cloud-init[910]: ci-info: | Route | Destination | Gateway  |    Genmask    | Interface | Flags |
[   24.999204] [cloud-init[0;32m  OK  [0m[910]: ] ci-info: +-------+-------------+----------+---------------+-----------+-------+Reached target Cloud-config availability.

[[0;32m  OK  [0m] Reached target Network is Online.
[   24.999657] cloud-init[910]: ci-info: |   0   |   0.0.0.0   | 10.0.2.2 |    0.0.0.0    |   enp0s3  |   UG  |
[   25.036326]          cloud-initStarting iSCSI initiator daemon (iscsid)...[910]: 
ci-info: |   1   |   10.0.2.0  | 0.0.0.0  | 255.255.255.0 |   enp0s3  |   U   |
[   25.056593] [cloud-init[0;32m  OK  [0m[910]: ] ci-info: +-------+-------------+----------+---------------+-----------+-------+Listening on LXD - unix socket.

[[0;32m  OK  [0m] Listening on Socket activation for snappy daemon.
[   25.057222] cloud-init[910]: Generating public/private rsa key pair.
[   25.112347] [cloud-init[0;32m  OK  [0m[910]: ] Your identification has been saved in /etc/ssh/ssh_host_rsa_key.Reached target Sockets.

[[0;32m  OK  [0m] Reached target Basic System.
[   25.112763] cloud-init[910]: Your public key has been saved in /etc/ssh/ssh_host_rsa_key.pub.
[   25.155541] cloud-init[910]: The key fingerprint is:
[   25.180443] [cloud-init[0;32m  OK  [0m[910]: ] SHA256:sRw9n4T7UCdDMG5UxwE3G9+FyBylSGQvxdUwN4tblwg root@ubuntu-xenialStarted ACPI event daemon.

[   25.180889] cloud-init[910]: The key's randomart image is:
[   25.228851] [cloud-init[0;32m  OK  [0m[910]: ] +---[RSA 2048]----+Started FUSE filesystem for LXC.

[   25.229319] cloud-init[910]: |         .BE*B@*o|
[   25.249613]          cloud-initStarting Pollinate to seed the pseudo random number generator...[910]: 
|         * B*+=BB|
[   25.258120]          cloud-initStarting LSB: MD monitoring daemon...[910]: 
|        o O Boo++|
[   25.280332]          cloud-initStarting Accounts Service...[910]: 
|       . = B =o .|
[   25.289050] cloud-init[910]: |        S o o.   |
[   25.302884] [cloud-init[0;32m  OK  [0m[910]: ] |           o     |Started Deferred execution scheduler.

[[0;32m  OK  [0m] Started Unattended Upgrades Shutdown.
[   25.303373] cloud-init[910]: |            .    |
[   25.364398]          cloud-initStarting Login Service...[910]: 
|                 |
[   25.374335] cloud-init[910]: |                 |
[   25.404498]          cloud-initStarting /etc/rc.local Compatibility...[910]: 
+----[SHA256]-----+
[   25.406948] cloud-init[910]: Generating public/private dsa key pair.
[   25.416387] cloud-init[910]: Your identification has been saved in /etc/ssh/ssh_host_dsa_key.
[   25.421672] [cloud-init[0;32m  OK  [0m[910]: ] Your public key has been saved in /etc/ssh/ssh_host_dsa_key.pub.Started Regular background program processing daemon.

[   25.422196] cloud-init[910]: The key fingerprint is:
[   25.460359]          cloud-initStarting LSB: Record successful boot for GRUB...[910]: 
SHA256:6Pe2O6UYmaZHHVXxM3HbhhzPYlDsyofXUSRR0kVzwvg root@ubuntu-xenial
[   25.469568] cloud-init[910]: The key's randomart image is:
[   25.502860]          Starting Apply the settings specified in cloud-config...
cloud-init         Starting System Logging Service...
[910]: +---[DSA 1024]----+
[[0;32m  OK  [0m] Started Snappy daemon.
[   25.513978] cloud-init[910]: |            .*XXO|
[   25.536667]          Starting Auto import assertions from block devices...
cloud-init[910]: |            oooXX|
[[0;32m  OK  [0m] Started D-Bus System Message Bus.
[   25.538589] cloud-init[910]: |           . o=+B|
[   25.556284]          cloud-initStarting LXD - container startup/shutdown...[910]: 
|       .  .  .E+o|
[   25.562837] [cloud-init[0;32m  OK  [0m[910]: ] |      . S+ o o ..|Started System Logging Service.

[   25.584602] [cloud-init[0;32m  OK  [0m[910]: ] |     .  * . = o .|Started iSCSI initiator daemon (iscsid).

[   25.585190] cloud-init[910]: |      .+.o o o   |
[   25.663428] [[0;32m  OK  [0m] Started /etc/rc.local Compatibility.
cloud-init[910]: |      ..o.+      |
[   25.668378] [cloud-init[0;32m  OK  [0m[910]: ] |       . .++     |Started Auto import assertions from block devices.

[   25.668870] [cloud-init[0;32m  OK  [0m[910]: ] +----[SHA256]-----+Started LXD - container startup/shutdown.

[   25.710159] cloud-init[910]: Generating public/private ecdsa key pair.
[[0;32m  OK  [0m] Started LSB: MD monitoring daemon.
[   25.716048] cloud-init[910]: Your identification has been saved in /etc/ssh/ssh_host_ecdsa_key.
[   25.731327] cloud-init[910]: Your public key has been saved in /etc/ssh/ssh_host_ecdsa_key.pub.
[[0;32m  OK  [0m] Started LSB: Record successful boot for GRUB.
[   25.764265] cloud-init[910]: The key fingerprint is:
[   25.788521] [cloud-init[0;32m  OK  [0m[910]: ] SHA256:spQ0sLDhGHD0Z4z1AaqTp02sbAOaus28ohGQW7dqyCs root@ubuntu-xenialStarted Login Service.

[   25.789006] cloud-init[910]: The key's randomart image is:
[   25.852622]          Starting Authenticate and Authorize Users to Run Privileged Tasks...
         Starting Login to default iSCSI targets...
cloud-init[910]: +---[ECDSA 256]---+
[   25.896314] [cloud-init[0;32m  OK  [0m[910]: ] |+.= . o..        |Started Authenticate and Authorize Users to Run Privileged Tasks.

[   25.933032] [cloud-init[0;32m  OK  [0m[910]: ] | * = B . .       |Started Accounts Service.

[   25.951063] cloud-init[910]: |+ + * * .        |
[   25.976237] [cloud-init[0;32m  OK  [0m[910]: ] |.o = = o         |Started Login to default iSCSI targets.

[   25.976667] cloud-init[910]: |+ + = + S        |
[[0;32m  OK  [0m] Reached target Remote File Systems (Pre).
[   26.016687] cloud-init[910]: |o* O . o         |
[[0;32m  OK  [0m] Reached target Remote File Systems.
[   26.048619] cloud-init[910]: |=.O . .          |
[   26.080655]          cloud-initStarting LSB: daemon to balance interrupts for SMP systems...[910]: 
|EB..             |
[   26.087879]          cloud-initStarting LSB: Set the CPU Frequency Scaling governor to "ondemand"...[910]: 
|*+=.             |
[   26.095152]          cloud-initStarting LSB: automatic crash report generation...[910]: 
+----[SHA256]-----+
[   26.105167]          cloud-initStarting LSB: VirtualBox Linux Additions...[910]: 
Generating public/private ed25519 key pair.
[   26.109448]          cloud-initStarting Permit User Sessions...[910]: 
Your identification has been saved in /etc/ssh/ssh_host_ed25519_key.
[   26.130516] [cloud-init[0;32m  OK  [0m[910]: ] Your public key has been saved in /etc/ssh/ssh_host_ed25519_key.pub.Started Permit User Sessions.

[[0;32m  OK  [0m] Started LSB: Set the CPU Frequency Scaling governor to "ondemand".
[[0;32m  OK  [0m] Started LSB: daemon to balance interrupts for SMP systems.
[[0;32m  OK  [0m] Started LSB: automatic crash report generation.
[   26.171122] cloud-init[910]: The key fingerprint is:
         Starting Terminate Plymouth Boot Screen...
[   26.266801] cloud-init[910]: SHA256:H+VRO5PO4OnsiRsX4jxufiIADkKxUZW1iNgRI3VJox4 root@ubuntu-xenial
         [   26.316133] cloud-init[910]: The key's randomart image is:
[   26.316204] cloud-init[910]: +--[ED25519 256]--+
[   26.316243] cloud-init[910]: | ++*+=+.      .  |
[   26.316282] cloud-init[910]: | .* *oo .    . o |
[   26.316318] cloud-init[910]: |.o E . .    + =  |
[   26.316354] cloud-init[910]: |. o o      + * o |
[   26.316391] cloud-init[910]: | . + .  S o = o  |
[   26.316426] cloud-init[910]: |    . .  + = .   |
[   26.316462] cloud-init[910]: |       .  * +    |
[   26.316498] cloud-init[910]: |        ..o*..   |
[   26.316857] cloud-init[910]: |         +=+o    |
[   26.316901] cloud-init[910]: +----[SHA256]-----+
Starting Hold until boot process finishes up...
[[0;32m  OK  [0m] Started LSB: VirtualBox Linux Additions.
[[0;32m  OK  [0m] Started Terminate Plymouth Boot Screen.
[[0;32m  OK  [0m] Started Hold until boot process finishes up.
[   26.322681] cloud-init[1078]: Generating locales (this might take a while)...
[[0;32m  OK  [0m] Started Serial Getty on ttyS0.
         Starting Set console scheme...
[[0;32m  OK  [0m] Started Getty on tty1.
[[0;32m  OK  [0m] Reached target Login Prompts.
[[0;32m  OK  [0m] Started Set console scheme.
[   26.578146] cloud-init[1078]:   en_US.UTF-8... done
[   26.600419] cloud-init[1078]: Generation complete.
[[0;32m  OK  [0m] Stopped OpenBSD Secure Shell server.
         Starting OpenBSD Secure Shell server...
[[0;32m  OK  [0m] Started OpenBSD Secure Shell server.
[   26.881048] cloud-init[1078]: Cloud-init v. 0.7.9 running 'modules:config' at Tue, 04 Jul 2017 23:48:44 +0000. Up 25.76 seconds.
[[0;32m  OK  [0m] Started Apply the settings specified in cloud-config.
[[0;32m  OK  [0m] Created slice User Slice of ubuntu.
         Starting User Manager for UID 1000...
[[0;32m  OK  [0m] Started User Manager for UID 1000.
[[0;32m  OK  [0m] Started Session 1 of user ubuntu.
[[0;32m  OK  [0m] Started Pollinate to seed the pseudo random number generator.
[[0;32m  OK  [0m] Reached target Multi-User System.
         Starting Execute cloud user/final scripts...
[[0;32m  OK  [0m] Reached target Graphical Interface.
         Starting Update UTMP about System Runlevel Changes...
[[0;32m  OK  [0m] Started Update UTMP about System Runlevel Changes.
[[0;32m  OK  [0m] Started Session 2 of user ubuntu.
ci-info: +++++Authorized keys from /home/ubuntu/.ssh/authorized_keys for user ubuntu++++++
ci-info: +---------+-------------------------------------------------+---------+---------+
ci-info: | Keytype |                Fingerprint (md5)                | Options | Comment |
ci-info: +---------+-------------------------------------------------+---------+---------+
ci-info: | ssh-rsa | e9:a8:d7:d9:3b:68:08:0a:17:16:fe:4b:92:fa:fd:a3 |    -    | vagrant |
ci-info: +---------+-------------------------------------------------+---------+---------+
<14>Jul  4 23:48:48 ec2: 
<14>Jul  4 23:48:48 ec2: #############################################################
<14>Jul  4 23:48:48 ec2: -----BEGIN SSH HOST KEY FINGERPRINTS-----
<14>Jul  4 23:48:48 ec2: 1024 SHA256:6Pe2O6UYmaZHHVXxM3HbhhzPYlDsyofXUSRR0kVzwvg root@ubuntu-xenial (DSA)
<14>Jul  4 23:48:48 ec2: 256 SHA256:spQ0sLDhGHD0Z4z1AaqTp02sbAOaus28ohGQW7dqyCs root@ubuntu-xenial (ECDSA)
<14>Jul  4 23:48:48 ec2: 256 SHA256:H+VRO5PO4OnsiRsX4jxufiIADkKxUZW1iNgRI3VJox4 root@ubuntu-xenial (ED25519)
<14>Jul  4 23:48:48 ec2: 2048 SHA256:sRw9n4T7UCdDMG5UxwE3G9+FyBylSGQvxdUwN4tblwg root@ubuntu-xenial (RSA)
<14>Jul  4 23:48:48 ec2: -----END SSH HOST KEY FINGERPRINTS-----
<14>Jul  4 23:48:48 ec2: #############################################################
-----BEGIN SSH HOST KEY KEYS-----
ecdsa-sha2-nistp256 AAAAE2VjZHNhLXNoYTItbmlzdHAyNTYAAAAIbmlzdHAyNTYAAABBBNx5XElItmASEdKYbrVW0K86nRtMfP4laWL23Nlxfn25SJa1uiQo4abytdGBuIHjYsWXJ56oqGJaV7ysn5RkT2w= root@ubuntu-xenial
ssh-ed25519 AAAAC3NzaC1lZDI1NTE5AAAAIHXwXVKK8TNk3vZiGF+Sv/27We7l7Lfw/U2AZdma6mrM root@ubuntu-xenial
ssh-rsa AAAAB3NzaC1yc2EAAAADAQABAAABAQDgWotQMvLr6IYBx2ySJsr2njY6KT+9faLPl+FEMRB5XRT8wejdoT4gnfAkbLBFk9bOCcKpls9Xc8JlJDFwkkaErQiv3vdTKdP1AajRU0klExR6SkPtfLxBWGxIhcNktKXu99RXSYPX2KMt/abbO4LcBJqNdGKnZGfOjSIJCdsTZelX6qr45P4GdSH/I0XKu6dCpnr0YncmmJdCa7Af9UM4N2T+h0grq7YSPUvBFN4PDNWc8guFKsjTGXrOIxREOGj/6vEh9WYviLdSZ9ZcDnvbyEce3lesuhtDQSEy22+E4ONYocJeeXpKops371amqZstN4vEf4RMpeaRQ1IfOtRr root@ubuntu-xenial
-----END SSH HOST KEY KEYS-----
[   29.690476] cloud-init[1405]: Cloud-init v. 0.7.9 running 'modules:final' at Tue, 04 Jul 2017 23:48:48 +0000. Up 29.33 seconds.
[   29.752311] [cloud-init[0;32m  OK  [0m[1405]: ] Cloud-init v. 0.7.9 finished at Tue, 04 Jul 2017 23:48:48 +0000. Datasource DataSourceNoCloud [seed=/dev/sdb][dsmode=net].  Up 29.68 secondsStarted Execute cloud user/final scripts.

[[0;32m  OK  [0m] Reached target Cloud-init target.

Ubuntu 16.04.2 LTS worker1 ttyS0

worker1 login: 